<?xml version="1.0" encoding="UTF-8"?>
<testng-results ignored="0" total="2" passed="2" failed="0" skipped="0">
  <reporter-output>
  </reporter-output>
  <suite started-at="2023-12-13T15:35:37 IST" name="Default suite" finished-at="2023-12-13T15:36:41 IST" duration-ms="64832">
    <groups>
    </groups>
    <test started-at="2023-12-13T15:35:37 IST" name="Default test" finished-at="2023-12-13T15:36:41 IST" duration-ms="64832">
      <class name="org.test.TestNG1">
        <test-method signature="TC1()[pri:0, instance:org.test.TestNG1@6a192cfe]" started-at="2023-12-13T15:35:37 IST" name="TC1" finished-at="2023-12-13T15:36:00 IST" duration-ms="22809" status="PASS">
          <reporter-output>
          </reporter-output>
        </test-method> <!-- TC1 -->
        <test-method signature="TC3()[pri:0, instance:org.test.TestNG1@6a192cfe]" started-at="2023-12-13T15:36:00 IST" name="TC3" finished-at="2023-12-13T15:36:41 IST" duration-ms="41871" status="PASS">
          <reporter-output>
          </reporter-output>
        </test-method> <!-- TC3 -->
      </class> <!-- org.test.TestNG1 -->
    </test> <!-- Default test -->
  </suite> <!-- Default suite -->
</testng-results>
